\BOOKMARK [1][-]{section.1}{\376\377\000目\000的}{}% 1
\BOOKMARK [1][-]{section.2}{\376\377\000原\000理}{}% 2
\BOOKMARK [2][-]{subsection.2.1}{\376\377\000多\000倍\000長}{section.2}% 3
\BOOKMARK [2][-]{subsection.2.2}{\376\377\000円\000周\000率}{section.2}% 4
\BOOKMARK [2][-]{subsection.2.3}{\376\377\000ニ\000ュ\000ー\000ト\000ン\000ラ\000フ\000ソ\000ン\000法}{section.2}% 5
\BOOKMARK [1][-]{section.3}{\376\377\000実\000験\000環\000境}{}% 6
\BOOKMARK [1][-]{section.4}{\376\377\000プ\000ロ\000グ\000ラ\000ム\000の\000設\000計\000と\000説\000明}{}% 7
\BOOKMARK [2][-]{subsection.4.1}{\376\377\000定\000数}{section.4}% 8
\BOOKMARK [2][-]{subsection.4.2}{\376\377\000多\000倍\000長\000整\000数\000の\000実\000装}{section.4}% 9
\BOOKMARK [2][-]{subsection.4.3}{\376\377\000関\000数}{section.4}% 10
\BOOKMARK [3][-]{subsubsection.4.3.1}{\376\377\000s\000e\000t\000S\000i\000g\000n\000関\000数}{subsection.4.3}% 11
\BOOKMARK [3][-]{subsubsection.4.3.2}{\376\377\000g\000e\000t\000S\000i\000g\000n}{subsection.4.3}% 12
\BOOKMARK [3][-]{subsubsection.4.3.3}{\376\377\000c\000l\000e\000a\000r\000B\000y\000Z\000e\000r\000o}{subsection.4.3}% 13
\BOOKMARK [3][-]{subsubsection.4.3.4}{\376\377\000d\000i\000s\000p\000N\000u\000m\000b\000e\000r}{subsection.4.3}% 14
\BOOKMARK [3][-]{subsubsection.4.3.5}{\376\377\000c\000o\000p\000y\000N\000u\000m\000b\000e\000r}{subsection.4.3}% 15
\BOOKMARK [3][-]{subsubsection.4.3.6}{\376\377\000g\000e\000t\000A\000b\000s}{subsection.4.3}% 16
\BOOKMARK [3][-]{subsubsection.4.3.7}{\376\377\000i\000s\000Z\000e\000r\000o}{subsection.4.3}% 17
\BOOKMARK [3][-]{subsubsection.4.3.8}{\376\377\000m\000u\000l\000B\000y\0001\0000\000S\000o\000m\000e\000T\000i\000m\000e\000s}{subsection.4.3}% 18
\BOOKMARK [3][-]{subsubsection.4.3.9}{\376\377\000d\000i\000v\000B\000y\0001\0000\000S\000o\000m\000e\000T\000i\000m\000e\000s}{subsection.4.3}% 19
\BOOKMARK [3][-]{subsubsection.4.3.10}{\376\377\000s\000e\000t\000I\000n\000t}{subsection.4.3}% 20
\BOOKMARK [3][-]{subsubsection.4.3.11}{\376\377\000g\000e\000t\000I\000n\000t}{subsection.4.3}% 21
\BOOKMARK [3][-]{subsubsection.4.3.12}{\376\377\000n\000u\000m\000C\000o\000m\000p}{subsection.4.3}% 22
\BOOKMARK [3][-]{subsubsection.4.3.13}{\376\377\000n\000u\000m\000C\000o\000m\000p\000W\000i\000t\000h\000I\000n\000t}{subsection.4.3}% 23
\BOOKMARK [3][-]{subsubsection.4.3.14}{\376\377\000a\000d\000d\000,\000\040\000s\000u\000b}{subsection.4.3}% 24
\BOOKMARK [3][-]{subsubsection.4.3.15}{\376\377\000m\000u\000l\000t\000i\000p\000l\000e}{subsection.4.3}% 25
\BOOKMARK [3][-]{subsubsection.4.3.16}{\376\377\000i\000n\000v\000e\000r\000s\000e\0003}{subsection.4.3}% 26
\BOOKMARK [3][-]{subsubsection.4.3.17}{\376\377\000d\000i\000v\000i\000d\000e\000B\000y\000I\000n\000v\000e\000r\000s\000e}{subsection.4.3}% 27
\BOOKMARK [3][-]{subsubsection.4.3.18}{\376\377\000s\000q\000r\000t\000T\000h\000r\000e\000e}{subsection.4.3}% 28
\BOOKMARK [3][-]{subsubsection.4.3.19}{\376\377\000g\000e\000t\000L\000e\000n}{subsection.4.3}% 29
\BOOKMARK [1][-]{section.5}{\376\377\000検\000算}{}% 30
\BOOKMARK [2][-]{subsection.5.1}{\376\377\0003\000の\000検\000算}{section.5}% 31
\BOOKMARK [2][-]{subsection.5.2}{\376\377\000円\000周\000率\000の\000検\000算}{section.5}% 32
\BOOKMARK [1][-]{section.6}{\376\377\000実\000行\000結\000果}{}% 33
\BOOKMARK [1][-]{section.7}{\376\377\000付\000録}{}% 34
\BOOKMARK [2][-]{subsection.7.1}{\376\377\000式\000\050\0001\000\051\000の\000導\000出}{section.7}% 35
\BOOKMARK [2][-]{subsection.7.2}{\376\377\000式\0004\000の\000導\000出}{section.7}% 36
\BOOKMARK [2][-]{subsection.7.3}{\376\377\000p\000i\000.\000h}{section.7}% 37
\BOOKMARK [2][-]{subsection.7.4}{\376\377\000p\000i\000.\000c}{section.7}% 38
